{
  "stats": {
    "suites": 1,
    "tests": 4,
    "passes": 4,
    "pending": 0,
    "failures": 0,
    "start": "2026-04-21T11:44:22.903Z",
    "end": "2026-04-21T11:44:25.715Z",
    "duration": 2812,
    "testsRegistered": 4,
    "passPercent": 100,
    "pendingPercent": 0,
    "other": 0,
    "hasOther": false,
    "skipped": 0,
    "hasSkipped": false
  },
  "results": [
    {
      "uuid": "c7cd640b-43f4-4090-ac35-b2e6751dbe6e",
      "title": "",
      "fullFile": "C:\\Users\\LENOVO\\Documents\\Digital Skola\\api auto6\\tests\\coba.test.js",
      "file": "\\tests\\coba.test.js",
      "beforeHooks": [],
      "afterHooks": [],
      "tests": [],
      "suites": [
        {
          "uuid": "98ceeed4-1e72-4544-a7c1-0cc9679da241",
          "title": "API Tests Suite",
          "fullFile": "C:\\Users\\LENOVO\\Documents\\Digital Skola\\api auto6\\tests\\coba.test.js",
          "file": "\\tests\\coba.test.js",
          "beforeHooks": [],
          "afterHooks": [],
          "tests": [
            {
              "title": "READ - Get list user",
              "fullTitle": "API Tests Suite READ - Get list user",
              "timedOut": false,
              "duration": 1847,
              "state": "passed",
              "speed": "slow",
              "pass": true,
              "fail": false,
              "pending": false,
              "context": null,
              "code": "const response = await fetch(`${baseURL}/api/users?page=2`, {\n    headers: {\n        \"x-api-key\": \"reqres_b3920b45d4b243418ec24d3681c107ef\"\n    },\n    method: \"GET\",\n});\nexpect(response.status, 'ada yg salah').to.equal(200);",
              "err": {},
              "uuid": "2f81d210-9450-4a70-bd5f-c3883ab6dac7",
              "parentUUID": "98ceeed4-1e72-4544-a7c1-0cc9679da241",
              "isHook": false,
              "skipped": false
            },
            {
              "title": "CREATE - Create User Baru",
              "fullTitle": "API Tests Suite CREATE - Create User Baru",
              "timedOut": false,
              "duration": 433,
              "state": "passed",
              "speed": "slow",
              "pass": true,
              "fail": false,
              "pending": false,
              "context": null,
              "code": "const newPost = {\n    name: \"morpheus\",\n    job: \"leader\"\n};\nconst response = await fetch(`${baseURL}/api/users`, {\n    method: \"POST\",\n    headers: {\n        \"Content-Type\": \"application/json\",\n        \"x-api-key\": \"reqres_b3920b45d4b243418ec24d3681c107ef\"\n    },\n    body: JSON.stringify(newPost),\n});\n// validasi HTTP Status Code\nexpect(response.status).to.equal(201);\n// validasi JSON Schema\nconst data = await response.json();\nconst validate = ajv.compile(schema_createuser);\nconst valid = validate(data);\nexpect(valid, 'validasi json schema ada yang salah').to.be.true;",
              "err": {},
              "uuid": "1bdda6d6-0f5d-4b5a-89f1-0089b5686f50",
              "parentUUID": "98ceeed4-1e72-4544-a7c1-0cc9679da241",
              "isHook": false,
              "skipped": false
            },
            {
              "title": "UPDATE - Update User Baru",
              "fullTitle": "API Tests Suite UPDATE - Update User Baru",
              "timedOut": false,
              "duration": 228,
              "state": "passed",
              "speed": "slow",
              "pass": true,
              "fail": false,
              "pending": false,
              "context": null,
              "code": "const updateData = {\n    name: \"morpheus\",\n    job: \"leader\"\n};\nconst response = await fetch(`${baseURL}/api/users`, {\n    method: \"POST\",\n    headers: {\n        \"Content-Type\": \"application/json\",\n        \"x-api-key\": \"reqres_b3920b45d4b243418ec24d3681c107ef\"\n    },\n    body: JSON.stringify(updateData),\n});\n// validasi HTTP Status Code\nexpect(response.status).to.equal(201);\n// validasi JSON Schema\nconst data = await response.json();\nconst validate = ajv.compile(schema_updateuser);\nconst valid = validate(data);\nexpect(valid, 'validasi json schema ada yang salah').to.be.true;",
              "err": {},
              "uuid": "e8ec6b03-b740-4fac-90f4-ceeadffa48d8",
              "parentUUID": "98ceeed4-1e72-4544-a7c1-0cc9679da241",
              "isHook": false,
              "skipped": false
            },
            {
              "title": "DELETE - Delete User",
              "fullTitle": "API Tests Suite DELETE - Delete User",
              "timedOut": false,
              "duration": 223,
              "state": "passed",
              "speed": "slow",
              "pass": true,
              "fail": false,
              "pending": false,
              "context": null,
              "code": "const response = await fetch(`${baseURL}/api/users/2`, {\n    headers: {\n        \"x-api-key\": \"reqres_b3920b45d4b243418ec24d3681c107ef\"\n    },\n    method: \"DELETE\",\n});\nexpect(response.status).to.equal(204);",
              "err": {},
              "uuid": "5326696e-201f-481e-a8e8-32ecbca8fe18",
              "parentUUID": "98ceeed4-1e72-4544-a7c1-0cc9679da241",
              "isHook": false,
              "skipped": false
            }
          ],
          "suites": [],
          "passes": [
            "2f81d210-9450-4a70-bd5f-c3883ab6dac7",
            "1bdda6d6-0f5d-4b5a-89f1-0089b5686f50",
            "e8ec6b03-b740-4fac-90f4-ceeadffa48d8",
            "5326696e-201f-481e-a8e8-32ecbca8fe18"
          ],
          "failures": [],
          "pending": [],
          "skipped": [],
          "duration": 2731,
          "root": false,
          "rootEmpty": false,
          "_timeout": 60000
        }
      ],
      "passes": [],
      "failures": [],
      "pending": [],
      "skipped": [],
      "duration": 0,
      "root": true,
      "rootEmpty": true,
      "_timeout": 60000
    }
  ],
  "meta": {
    "mocha": {
      "version": "10.8.2"
    },
    "mochawesome": {
      "options": {
        "quiet": false,
        "reportFilename": "mochawesome",
        "saveHtml": true,
        "saveJson": true,
        "consoleReporter": "spec",
        "useInlineDiffs": false,
        "code": true
      },
      "version": "7.1.4"
    },
    "marge": {
      "options": null,
      "version": "6.3.2"
    }
  }
}